<?xml version="1.0" ?>
<coverage version="7.4.0" timestamp="1700000000000" lines-valid="100" lines-covered="85" line-rate="0.85" branches-covered="30" branches-valid="40" branch-rate="0.75" complexity="0">
    <packages>
        <package name="myapp" line-rate="0.85" branch-rate="0.75" complexity="0">
            <classes>
                <class name="service.py" filename="myapp/service.py" line-rate="0.9" branch-rate="0.8" complexity="0">
                    <methods>
                        <method name="process" signature="" line-rate="1.0" branch-rate="1.0">
                            <lines>
                                <line number="10" hits="5"/>
                                <line number="11" hits="3"/>
                            </lines>
                        </method>
                        <method name="validate" signature="" line-rate="0.8" branch-rate="0.5">
                            <lines>
                                <line number="20" hits="2"/>
                                <line number="21" hits="0"/>
                            </lines>
                        </method>
                    </methods>
                    <lines>
                        <line number="10" hits="5"/>
                        <line number="11" hits="3"/>
                        <line number="20" hits="2"/>
                        <line number="21" hits="0"/>
                    </lines>
                </class>
                <class name="utils.py" filename="myapp/utils.py" line-rate="0.8" branch-rate="0.7" complexity="0">
                    <methods>
                        <method name="helper" signature="" line-rate="1.0" branch-rate="1.0">
                            <lines>
                                <line number="5" hits="10"/>
                            </lines>
                        </method>
                    </methods>
                    <lines>
                        <line number="5" hits="10"/>
                        <line number="6" hits="8"/>
                        <line number="7" hits="0"/>
                    </lines>
                </class>
            </classes>
        </package>
    </packages>
</coverage>
