<?xml version="1.0" ?>
<coverage version="7.4.0" timestamp="1700000000000" lines-valid="200" lines-covered="90" line-rate="0.45" branches-covered="10" branches-valid="50" branch-rate="0.2" complexity="0">
    <packages>
        <package name="myapp" line-rate="0.45" branch-rate="0.2" complexity="0">
            <classes>
                <class name="legacy.py" filename="myapp/legacy.py" line-rate="0.3" branch-rate="0.1" complexity="0">
                    <methods>
                        <method name="old_process" signature="" line-rate="0.0" branch-rate="0.0">
                            <lines>
                                <line number="15" hits="0"/>
                                <line number="16" hits="0"/>
                            </lines>
                        </method>
                        <method name="cleanup" signature="" line-rate="0.0" branch-rate="0.0">
                            <lines>
                                <line number="30" hits="0"/>
                            </lines>
                        </method>
                    </methods>
                    <lines>
                        <line number="10" hits="3"/>
                        <line number="15" hits="0"/>
                        <line number="16" hits="0"/>
                        <line number="30" hits="0"/>
                    </lines>
                </class>
                <class name="handler.py" filename="myapp/handler.py" line-rate="0.6" branch-rate="0.3" complexity="0">
                    <methods>
                        <method name="handle" signature="" line-rate="0.8" branch-rate="0.5">
                            <lines>
                                <line number="5" hits="4"/>
                                <line number="6" hits="0"/>
                            </lines>
                        </method>
                    </methods>
                    <lines>
                        <line number="5" hits="4"/>
                        <line number="6" hits="0"/>
                        <line number="7" hits="3"/>
                    </lines>
                </class>
            </classes>
        </package>
    </packages>
</coverage>
