TN:
SF:src/utils/formatter.js
FN:5,formatCurrency
FN:15,formatDate
FN:25,formatNumber
FNDA:10,formatCurrency
FNDA:8,formatDate
FNDA:0,formatNumber
FNF:3
FNH:2
DA:1,1
DA:2,1
DA:5,10
DA:6,10
DA:7,10
DA:15,8
DA:16,8
DA:25,0
DA:26,0
DA:27,0
LH:7
LF:10
BRF:6
BRH:4
end_of_record
SF:src/utils/validator.js
FN:3,validateEmail
FN:12,validatePhone
FNDA:15,validateEmail
FNDA:12,validatePhone
FNF:2
FNH:2
DA:1,1
DA:2,1
DA:3,15
DA:4,15
DA:5,10
DA:6,5
DA:12,12
DA:13,12
DA:14,8
LH:9
LF:9
BRF:4
BRH:4
end_of_record
SF:src/components/Button.js
FN:8,render
FN:20,handleClick
FN:35,handleHover
FNDA:20,render
FNDA:15,handleClick
FNDA:0,handleHover
FNF:3
FNH:2
DA:1,1
DA:8,20
DA:9,20
DA:10,20
DA:20,15
DA:21,15
DA:35,0
DA:36,0
DA:37,0
LH:6
LF:9
BRF:8
BRH:4
end_of_record
