<?xml version="1.0" ?>
<coverage version="7.4.0" timestamp="1700000000000" lines-valid="100" lines-covered="90" line-rate="0.90" branches-covered="35" branches-valid="40" branch-rate="0.875" complexity="0">
    <packages>
        <package name="myapp" line-rate="0.90" branch-rate="0.875" complexity="0">
            <classes>
                <class name="service.py" filename="myapp/service.py" line-rate="0.95" branch-rate="0.9" complexity="0">
                    <methods>
                        <method name="process" signature="" line-rate="1.0" branch-rate="1.0">
                            <lines><line number="10" hits="5"/></lines>
                        </method>
                    </methods>
                    <lines><line number="10" hits="5"/></lines>
                </class>
                <class name="utils.py" filename="myapp/utils.py" line-rate="0.85" branch-rate="0.8" complexity="0">
                    <methods>
                        <method name="helper" signature="" line-rate="1.0" branch-rate="1.0">
                            <lines><line number="5" hits="10"/></lines>
                        </method>
                    </methods>
                    <lines><line number="5" hits="10"/></lines>
                </class>
            </classes>
        </package>
    </packages>
</coverage>
