<?xml version="1.0" encoding="UTF-8" standalone="yes"?>
<!DOCTYPE report PUBLIC "-//JACOCO//DTD Report 1.1//EN" "report.dtd">
<report name="cui-sample-module">
  <sessioninfo id="sample-session" start="1700000000000" dump="1700000100000"/>
  <package name="de/cuioss/portal/sample">
    <class name="de/cuioss/portal/sample/TokenValidator" sourcefilename="TokenValidator.java">
      <method name="&lt;init&gt;" desc="()V" line="15">
        <counter type="INSTRUCTION" missed="0" covered="3"/>
        <counter type="LINE" missed="0" covered="1"/>
        <counter type="COMPLEXITY" missed="0" covered="1"/>
        <counter type="METHOD" missed="0" covered="1"/>
      </method>
      <method name="validate" desc="(Ljava/lang/String;)Z" line="20">
        <counter type="INSTRUCTION" missed="5" covered="15"/>
        <counter type="BRANCH" missed="1" covered="3"/>
        <counter type="LINE" missed="1" covered="4"/>
        <counter type="COMPLEXITY" missed="1" covered="2"/>
        <counter type="METHOD" missed="0" covered="1"/>
      </method>
      <method name="extractClaims" desc="(Ljava/lang/String;)Ljava/util/Map;" line="35">
        <counter type="INSTRUCTION" missed="0" covered="20"/>
        <counter type="LINE" missed="0" covered="5"/>
        <counter type="COMPLEXITY" missed="0" covered="1"/>
        <counter type="METHOD" missed="0" covered="1"/>
      </method>
      <counter type="INSTRUCTION" missed="5" covered="38"/>
      <counter type="BRANCH" missed="1" covered="3"/>
      <counter type="LINE" missed="1" covered="10"/>
      <counter type="COMPLEXITY" missed="1" covered="4"/>
      <counter type="METHOD" missed="0" covered="3"/>
      <counter type="CLASS" missed="0" covered="1"/>
    </class>
    <class name="de/cuioss/portal/sample/UserService" sourcefilename="UserService.java">
      <method name="&lt;init&gt;" desc="()V" line="10">
        <counter type="INSTRUCTION" missed="0" covered="3"/>
        <counter type="LINE" missed="0" covered="1"/>
        <counter type="COMPLEXITY" missed="0" covered="1"/>
        <counter type="METHOD" missed="0" covered="1"/>
      </method>
      <method name="findUser" desc="(Ljava/lang/String;)Ljava/util/Optional;" line="15">
        <counter type="INSTRUCTION" missed="0" covered="10"/>
        <counter type="LINE" missed="0" covered="3"/>
        <counter type="COMPLEXITY" missed="0" covered="1"/>
        <counter type="METHOD" missed="0" covered="1"/>
      </method>
      <method name="deleteUser" desc="(Ljava/lang/String;)V" line="25">
        <counter type="INSTRUCTION" missed="8" covered="0"/>
        <counter type="LINE" missed="2" covered="0"/>
        <counter type="COMPLEXITY" missed="1" covered="0"/>
        <counter type="METHOD" missed="1" covered="0"/>
      </method>
      <counter type="INSTRUCTION" missed="8" covered="13"/>
      <counter type="BRANCH" missed="0" covered="0"/>
      <counter type="LINE" missed="2" covered="4"/>
      <counter type="COMPLEXITY" missed="1" covered="2"/>
      <counter type="METHOD" missed="1" covered="2"/>
      <counter type="CLASS" missed="0" covered="1"/>
    </class>
    <sourcefile name="TokenValidator.java">
      <line nr="15" mi="0" ci="3" mb="0" cb="0"/>
      <line nr="20" mi="0" ci="5" mb="0" cb="2"/>
      <line nr="21" mi="0" ci="3" mb="0" cb="0"/>
      <line nr="22" mi="5" ci="0" mb="1" cb="0"/>
      <line nr="25" mi="0" ci="4" mb="0" cb="1"/>
      <line nr="30" mi="0" ci="3" mb="0" cb="0"/>
      <line nr="35" mi="0" ci="5" mb="0" cb="0"/>
      <line nr="36" mi="0" ci="5" mb="0" cb="0"/>
      <line nr="37" mi="0" ci="5" mb="0" cb="0"/>
      <line nr="38" mi="0" ci="3" mb="0" cb="0"/>
      <line nr="39" mi="0" ci="2" mb="0" cb="0"/>
      <counter type="INSTRUCTION" missed="5" covered="38"/>
      <counter type="BRANCH" missed="1" covered="3"/>
      <counter type="LINE" missed="1" covered="10"/>
      <counter type="COMPLEXITY" missed="1" covered="4"/>
      <counter type="METHOD" missed="0" covered="3"/>
      <counter type="CLASS" missed="0" covered="1"/>
    </sourcefile>
    <sourcefile name="UserService.java">
      <line nr="10" mi="0" ci="3" mb="0" cb="0"/>
      <line nr="15" mi="0" ci="3" mb="0" cb="0"/>
      <line nr="16" mi="0" ci="4" mb="0" cb="0"/>
      <line nr="17" mi="0" ci="3" mb="0" cb="0"/>
      <line nr="25" mi="4" ci="0" mb="0" cb="0"/>
      <line nr="26" mi="4" ci="0" mb="0" cb="0"/>
      <counter type="INSTRUCTION" missed="8" covered="13"/>
      <counter type="BRANCH" missed="0" covered="0"/>
      <counter type="LINE" missed="2" covered="4"/>
      <counter type="COMPLEXITY" missed="1" covered="2"/>
      <counter type="METHOD" missed="1" covered="2"/>
      <counter type="CLASS" missed="0" covered="1"/>
    </sourcefile>
    <counter type="INSTRUCTION" missed="13" covered="51"/>
    <counter type="BRANCH" missed="1" covered="3"/>
    <counter type="LINE" missed="3" covered="14"/>
    <counter type="COMPLEXITY" missed="2" covered="6"/>
    <counter type="METHOD" missed="1" covered="5"/>
    <counter type="CLASS" missed="0" covered="2"/>
  </package>
  <counter type="INSTRUCTION" missed="13" covered="51"/>
  <counter type="BRANCH" missed="1" covered="3"/>
  <counter type="LINE" missed="3" covered="14"/>
  <counter type="COMPLEXITY" missed="2" covered="6"/>
  <counter type="METHOD" missed="1" covered="5"/>
  <counter type="CLASS" missed="0" covered="2"/>
</report>
