<?xml version="1.0" encoding="UTF-8" standalone="yes"?>
<!DOCTYPE report PUBLIC "-//JACOCO//DTD Report 1.1//EN" "report.dtd">
<report name="CUI Java Tools">
    <sessioninfo id="session-1" start="1642156800000" dump="1642157400000"/>
    <package name="de/cuioss/tools">
        <class name="de/cuioss/tools/TokenValidator" sourcefilename="TokenValidator.java">
            <method name="&lt;init&gt;" desc="(Ljava/lang/String;)V" line="15">
                <counter type="INSTRUCTION" missed="0" covered="5"/>
                <counter type="BRANCH" missed="0" covered="0"/>
                <counter type="LINE" missed="0" covered="2"/>
                <counter type="METHOD" missed="0" covered="1"/>
            </method>
            <method name="validate" desc="(Ljava/lang/String;)Lde/cuioss/tools/ValidationResult;" line="25">
                <counter type="INSTRUCTION" missed="15" covered="42"/>
                <counter type="BRANCH" missed="2" covered="6"/>
                <counter type="LINE" missed="3" covered="12"/>
                <counter type="METHOD" missed="0" covered="1"/>
            </method>
            <method name="validateExpiry" desc="(Ljava/time/Instant;)Z" line="55">
                <counter type="INSTRUCTION" missed="8" covered="0"/>
                <counter type="BRANCH" missed="2" covered="0"/>
                <counter type="LINE" missed="4" covered="0"/>
                <counter type="METHOD" missed="1" covered="0"/>
            </method>
            <counter type="INSTRUCTION" missed="23" covered="47"/>
            <counter type="BRANCH" missed="4" covered="6"/>
            <counter type="LINE" missed="7" covered="14"/>
            <counter type="METHOD" missed="1" covered="2"/>
            <counter type="CLASS" missed="0" covered="1"/>
        </class>
        <class name="de/cuioss/tools/UserService" sourcefilename="UserService.java">
            <method name="&lt;init&gt;" desc="()V" line="10">
                <counter type="INSTRUCTION" missed="0" covered="3"/>
                <counter type="BRANCH" missed="0" covered="0"/>
                <counter type="LINE" missed="0" covered="1"/>
                <counter type="METHOD" missed="0" covered="1"/>
            </method>
            <method name="getUser" desc="(Ljava/lang/String;)Ljava/util/Optional;" line="20">
                <counter type="INSTRUCTION" missed="0" covered="25"/>
                <counter type="BRANCH" missed="0" covered="4"/>
                <counter type="LINE" missed="0" covered="8"/>
                <counter type="METHOD" missed="0" covered="1"/>
            </method>
            <counter type="INSTRUCTION" missed="0" covered="28"/>
            <counter type="BRANCH" missed="0" covered="4"/>
            <counter type="LINE" missed="0" covered="9"/>
            <counter type="METHOD" missed="0" covered="2"/>
            <counter type="CLASS" missed="0" covered="1"/>
        </class>
        <sourcefile name="TokenValidator.java">
            <line nr="15" mi="0" ci="3" mb="0" cb="0"/>
            <line nr="16" mi="0" ci="2" mb="0" cb="0"/>
            <line nr="25" mi="0" ci="4" mb="0" cb="0"/>
            <line nr="26" mi="0" ci="3" mb="0" cb="0"/>
            <line nr="28" mi="0" ci="5" mb="0" cb="2"/>
            <line nr="30" mi="0" ci="8" mb="0" cb="0"/>
            <line nr="32" mi="0" ci="6" mb="0" cb="2"/>
            <line nr="35" mi="3" ci="0" mb="2" cb="0"/>
            <line nr="38" mi="0" ci="5" mb="0" cb="0"/>
            <line nr="40" mi="0" ci="7" mb="0" cb="2"/>
            <line nr="45" mi="0" ci="4" mb="0" cb="0"/>
            <line nr="55" mi="8" ci="0" mb="2" cb="0"/>
            <line nr="56" mi="0" ci="0" mb="0" cb="0"/>
            <line nr="57" mi="0" ci="0" mb="0" cb="0"/>
            <line nr="58" mi="0" ci="0" mb="0" cb="0"/>
            <counter type="INSTRUCTION" missed="23" covered="47"/>
            <counter type="BRANCH" missed="4" covered="6"/>
            <counter type="LINE" missed="7" covered="14"/>
            <counter type="METHOD" missed="1" covered="2"/>
            <counter type="CLASS" missed="0" covered="1"/>
        </sourcefile>
        <sourcefile name="UserService.java">
            <line nr="10" mi="0" ci="3" mb="0" cb="0"/>
            <line nr="20" mi="0" ci="4" mb="0" cb="0"/>
            <line nr="21" mi="0" ci="3" mb="0" cb="0"/>
            <line nr="23" mi="0" ci="5" mb="0" cb="2"/>
            <line nr="25" mi="0" ci="4" mb="0" cb="2"/>
            <line nr="27" mi="0" ci="3" mb="0" cb="0"/>
            <line nr="29" mi="0" ci="2" mb="0" cb="0"/>
            <line nr="31" mi="0" ci="2" mb="0" cb="0"/>
            <line nr="33" mi="0" ci="2" mb="0" cb="0"/>
            <counter type="INSTRUCTION" missed="0" covered="28"/>
            <counter type="BRANCH" missed="0" covered="4"/>
            <counter type="LINE" missed="0" covered="9"/>
            <counter type="METHOD" missed="0" covered="2"/>
            <counter type="CLASS" missed="0" covered="1"/>
        </sourcefile>
        <counter type="INSTRUCTION" missed="23" covered="75"/>
        <counter type="BRANCH" missed="4" covered="10"/>
        <counter type="LINE" missed="7" covered="23"/>
        <counter type="METHOD" missed="1" covered="4"/>
        <counter type="CLASS" missed="0" covered="2"/>
    </package>
    <counter type="INSTRUCTION" missed="23" covered="75"/>
    <counter type="BRANCH" missed="4" covered="10"/>
    <counter type="LINE" missed="7" covered="23"/>
    <counter type="METHOD" missed="1" covered="4"/>
    <counter type="CLASS" missed="0" covered="2"/>
</report>
